This is pdfTeX, Version 3.1415926-2.4-1.40.13 (MiKTeX 2.9) (preloaded format=pdftex 2015.2.27)  31 MAR 2015 18:39
entering extended mode
**C:/Users/Amy/Documents/GitHub/PolymerChain/report/chainbib.bib
(C:/Users/Amy/Documents/GitHub/PolymerChain/report/chainbib.bib
! Missing $ inserted.
<inserted text> 
                $
<to be read again> 
                   _
l.26 ...{www-solar.mcs.st-andrews.ac.uk/~alan/sun_
                                                  course/Introduction/Photos...

? 
! Emergency stop.
<inserted text> 
                $
<to be read again> 
                   _
l.26 ...{www-solar.mcs.st-andrews.ac.uk/~alan/sun_
                                                  course/Introduction/Photos...
End of file on the terminal!

!  ==> Fatal error occurred, no output PDF file produced!
